INFO:     Will watch for changes in these directories: ['/root/Pione_AIBlockchainIoT-WAGTeam/ai_service']
INFO:     Uvicorn running on http://0.0.0.0:8000 (Press CTRL+C to quit)
INFO:     Started reloader process [164054] using WatchFiles
Traceback (most recent call last):
  File "<string>", line 1, in <module>
  File "/usr/lib/python3.10/multiprocessing/spawn.py", line 116, in spawn_main
    exitcode = _main(fd, parent_sentinel)
  File "/usr/lib/python3.10/multiprocessing/spawn.py", line 125, in _main
    prepare(preparation_data)
  File "/usr/lib/python3.10/multiprocessing/spawn.py", line 236, in prepare
    _fixup_main_from_path(data['init_main_from_path'])
  File "/usr/lib/python3.10/multiprocessing/spawn.py", line 287, in _fixup_main_from_path
    main_content = runpy.run_path(main_path,
  File "/usr/lib/python3.10/runpy.py", line 289, in run_path
    return _run_module_code(code, init_globals, run_name,
  File "/usr/lib/python3.10/runpy.py", line 96, in _run_module_code
    _run_code(code, mod_globals, init_globals,
  File "/usr/lib/python3.10/runpy.py", line 86, in _run_code
    exec(code, run_globals)
  File "/root/Pione_AIBlockchainIoT-WAGTeam/ai_service/main.py", line 19, in <module>
    from inference import analyze_soil, analyze_aggregated_data
  File "/root/Pione_AIBlockchainIoT-WAGTeam/ai_service/inference.py", line 7, in <module>
    import pandas as pd
  File "/usr/local/lib/python3.10/dist-packages/pandas/__init__.py", line 26, in <module>
    from pandas.compat import (
  File "/usr/local/lib/python3.10/dist-packages/pandas/compat/__init__.py", line 28, in <module>
    from pandas.compat.numpy import is_numpy_dev
  File "/usr/local/lib/python3.10/dist-packages/pandas/compat/numpy/__init__.py", line 6, in <module>
    from pandas.util.version import Version
  File "<frozen importlib._bootstrap>", line 1027, in _find_and_load
  File "<frozen importlib._bootstrap>", line 1002, in _find_and_load_unlocked
  File "<frozen importlib._bootstrap>", line 945, in _find_spec
  File "<frozen importlib._bootstrap_external>", line 1439, in find_spec
  File "<frozen importlib._bootstrap_external>", line 1411, in _get_spec
  File "<frozen importlib._bootstrap_external>", line 1562, in find_spec
  File "<frozen importlib._bootstrap_external>", line 128, in _path_join
  File "<frozen importlib._bootstrap_external>", line 128, in <listcomp>
KeyboardInterrupt
INFO:     Stopping reloader process [164054]
